<?xml version="1.0" encoding="UTF-8"?>
<testng-results skipped="0" failed="0" ignored="0" total="2" passed="2">
  <reporter-output>
  </reporter-output>
  <suite name="Default suite" duration-ms="21513" started-at="2020-02-16T08:28:01Z" finished-at="2020-02-16T08:28:23Z">
    <groups>
    </groups>
    <test name="Default test" duration-ms="21513" started-at="2020-02-16T08:28:01Z" finished-at="2020-02-16T08:28:23Z">
      <class name="Week5.ExplicitWait">
        <test-method status="PASS" signature="Dashboard()[pri:0, instance:Week5.ExplicitWait@6a41eaa2]" name="Dashboard" duration-ms="21" started-at="2020-02-16T13:58:01Z" finished-at="2020-02-16T13:58:01Z">
          <reporter-output>
          </reporter-output>
        </test-method> <!-- Dashboard -->
        <test-method status="PASS" signature="Login()[pri:0, instance:Week5.ExplicitWait@6a41eaa2]" name="Login" duration-ms="21439" started-at="2020-02-16T13:58:01Z" finished-at="2020-02-16T13:58:23Z">
          <reporter-output>
          </reporter-output>
        </test-method> <!-- Login -->
      </class> <!-- Week5.ExplicitWait -->
    </test> <!-- Default test -->
  </suite> <!-- Default suite -->
</testng-results>
